#
# There is insufficient memory for the Java Runtime Environment to continue.
# Native memory allocation (malloc) failed to allocate 32744 bytes for ChunkPool::allocate
# Possible reasons:
#   The system is out of physical RAM or swap space
#   The process is running with CompressedOops enabled, and the Java Heap may be blocking the growth of the native heap
# Possible solutions:
#   Reduce memory load on the system
#   Increase physical memory or swap space
#   Check if swap backing store is full
#   Decrease Java heap size (-Xmx/-Xms)
#   Decrease number of Java threads
#   Decrease Java thread stack sizes (-Xss)
#   Set larger code cache with -XX:ReservedCodeCacheSize=
#   JVM is running with Unscaled Compressed Oops mode in which the Java heap is
#     placed in the first 4GB address space. The Java Heap base address is the
#     maximum limit for the native heap growth. Please use -XX:HeapBaseMinAddress
#     to set the Java Heap base and to place the Java Heap above 4GB virtual address.
# This output file may be truncated or incomplete.
#
#  Out of Memory Error (arena.cpp:78), pid=8560, tid=15936
#
# JRE version: Java(TM) SE Runtime Environment (17.0.6+9) (build 17.0.6+9-LTS-190)
# Java VM: Java HotSpot(TM) 64-Bit Server VM (17.0.6+9-LTS-190, mixed mode, sharing, tiered, compressed oops, compressed class ptrs, g1 gc, windows-amd64)
# No core dump will be written. Minidumps are not enabled by default on client versions of Windows
#

---------------  S U M M A R Y ------------

Command Line: -Dfile.encoding=UTF-8 -XX:+ShowCodeDetailsInExceptionMessages com.springboot.project.mywebapp.MywebappApplication

Host: Intel(R) Core(TM) i3-7020U CPU @ 2.30GHz, 4 cores, 7G,  Windows 10 , 64 bit Build 19041 (10.0.19041.3636)
Time: Tue Mar 19 12:57:09 2024 India Standard Time elapsed time: 13.065891 seconds (0d 0h 0m 13s)

---------------  T H R E A D  ---------------

Current thread (0x00000201571a3650):  JavaThread "C2 CompilerThread1" daemon [_thread_in_native, id=15936, stack(0x000000d54a200000,0x000000d54a300000)]


Current CompileTask:
C2:  13065 5422       4       org.springframework.core.annotation.TypeMappedAnnotations::get (52 bytes)

Stack: [0x000000d54a200000,0x000000d54a300000]
Native frames: (J=compiled Java code, j=interpreted, Vv=VM code, C=native code)
V  [jvm.dll+0x6734ea]
V  [jvm.dll+0x7d18f4]
V  [jvm.dll+0x7d309e]
V  [jvm.dll+0x7d3703]
V  [jvm.dll+0x2433c5]
V  [jvm.dll+0xaa6c0]
V  [jvm.dll+0xaaa0c]
V  [jvm.dll+0x11bd75]
V  [jvm.dll+0x69cbf8]
V  [jvm.dll+0x1b9937]
V  [jvm.dll+0x215f37]
V  [jvm.dll+0x215211]
V  [jvm.dll+0x1a1730]
V  [jvm.dll+0x224b6e]
V  [jvm.dll+0x222f15]
V  [jvm.dll+0x78753c]
V  [jvm.dll+0x781a7a]
V  [jvm.dll+0x672375]
C  [ucrtbase.dll+0x21bb2]
C  [KERNEL32.DLL+0x17344]
C  [ntdll.dll+0x526b1]


---------------  P R O C E S S  ---------------

Threads class SMR info:
_java_thread_list=0x0000020158473680, length=31, elements={
0x00000201379762a0, 0x00000201551a8310, 0x00000201551a9310, 0x00000201551ba110,
0x00000201551babd0, 0x00000201551bd5a0, 0x00000201551bde60, 0x00000201551c2000,
0x00000201551cadc0, 0x00000201551e6e90, 0x0000020155cb7050, 0x0000020155ccb1e0,
0x0000020156e90c90, 0x000002015698aa00, 0x0000020158c87240, 0x00000201574383e0,
0x0000020156707e40, 0x0000020156704950, 0x0000020156705c90, 0x0000020156704480,
0x0000020156706160, 0x00000201567052f0, 0x00000201567057c0, 0x0000020156706630,
0x0000020158e61750, 0x0000020158e65ab0, 0x0000020158e63900, 0x0000020158e64c40,
0x0000020158e655e0, 0x0000020158e62a90, 0x00000201571a3650
}

Java Threads: ( => current thread )
  0x00000201379762a0 JavaThread "main" [_thread_blocked, id=15000, stack(0x000000d548f00000,0x000000d549000000)]
  0x00000201551a8310 JavaThread "Reference Handler" daemon [_thread_blocked, id=16312, stack(0x000000d549600000,0x000000d549700000)]
  0x00000201551a9310 JavaThread "Finalizer" daemon [_thread_blocked, id=4368, stack(0x000000d549700000,0x000000d549800000)]
  0x00000201551ba110 JavaThread "Signal Dispatcher" daemon [_thread_blocked, id=16280, stack(0x000000d549800000,0x000000d549900000)]
  0x00000201551babd0 JavaThread "Attach Listener" daemon [_thread_blocked, id=15716, stack(0x000000d549900000,0x000000d549a00000)]
  0x00000201551bd5a0 JavaThread "Service Thread" daemon [_thread_blocked, id=7744, stack(0x000000d549a00000,0x000000d549b00000)]
  0x00000201551bde60 JavaThread "Monitor Deflation Thread" daemon [_thread_blocked, id=16160, stack(0x000000d549b00000,0x000000d549c00000)]
  0x00000201551c2000 JavaThread "C2 CompilerThread0" daemon [_thread_in_native, id=9876, stack(0x000000d549c00000,0x000000d549d00000)]
  0x00000201551cadc0 JavaThread "C1 CompilerThread0" daemon [_thread_in_native, id=2416, stack(0x000000d549d00000,0x000000d549e00000)]
  0x00000201551e6e90 JavaThread "Sweeper thread" daemon [_thread_blocked, id=2444, stack(0x000000d549e00000,0x000000d549f00000)]
  0x0000020155cb7050 JavaThread "Notification Thread" daemon [_thread_blocked, id=14168, stack(0x000000d549f00000,0x000000d54a000000)]
  0x0000020155ccb1e0 JavaThread "Common-Cleaner" daemon [_thread_blocked, id=2556, stack(0x000000d54a100000,0x000000d54a200000)]
  0x0000020156e90c90 JavaThread "Thread-0" [_thread_blocked, id=12472, stack(0x000000d54a600000,0x000000d54a700000)]
  0x000002015698aa00 JavaThread "restartedMain" [_thread_in_vm, id=5400, stack(0x000000d54a700000,0x000000d54a800000)]
  0x0000020158c87240 JavaThread "Catalina-utility-1" [_thread_blocked, id=13256, stack(0x000000d54a800000,0x000000d54a900000)]
  0x00000201574383e0 JavaThread "Catalina-utility-2" [_thread_blocked, id=13260, stack(0x000000d54a900000,0x000000d54aa00000)]
  0x0000020156707e40 JavaThread "http-nio-8080-exec-1" daemon [_thread_blocked, id=13264, stack(0x000000d54aa00000,0x000000d54ab00000)]
  0x0000020156704950 JavaThread "http-nio-8080-exec-2" daemon [_thread_blocked, id=13268, stack(0x000000d54ab00000,0x000000d54ac00000)]
  0x0000020156705c90 JavaThread "http-nio-8080-exec-3" daemon [_thread_blocked, id=13272, stack(0x000000d54ac00000,0x000000d54ad00000)]
  0x0000020156704480 JavaThread "http-nio-8080-exec-4" daemon [_thread_blocked, id=13276, stack(0x000000d54ad00000,0x000000d54ae00000)]
  0x0000020156706160 JavaThread "http-nio-8080-exec-5" daemon [_thread_blocked, id=13284, stack(0x000000d54ae00000,0x000000d54af00000)]
  0x00000201567052f0 JavaThread "http-nio-8080-exec-6" daemon [_thread_blocked, id=13288, stack(0x000000d54af00000,0x000000d54b000000)]
  0x00000201567057c0 JavaThread "http-nio-8080-exec-7" daemon [_thread_blocked, id=13292, stack(0x000000d54b000000,0x000000d54b100000)]
  0x0000020156706630 JavaThread "http-nio-8080-exec-8" daemon [_thread_blocked, id=13296, stack(0x000000d54b100000,0x000000d54b200000)]
  0x0000020158e61750 JavaThread "http-nio-8080-exec-9" daemon [_thread_blocked, id=13308, stack(0x000000d54b200000,0x000000d54b300000)]
  0x0000020158e65ab0 JavaThread "http-nio-8080-exec-10" daemon [_thread_blocked, id=12316, stack(0x000000d54b300000,0x000000d54b400000)]
  0x0000020158e63900 JavaThread "container-0" [_thread_blocked, id=1580, stack(0x000000d54b400000,0x000000d54b500000)]
  0x0000020158e64c40 JavaThread "mysql-cj-abandoned-connection-cleanup" daemon [_thread_blocked, id=12320, stack(0x000000d54b500000,0x000000d54b600000)]
  0x0000020158e655e0 JavaThread "HikariPool-1 housekeeper" daemon [_thread_blocked, id=10040, stack(0x000000d54b700000,0x000000d54b800000)]
  0x0000020158e62a90 JavaThread "HikariPool-1 connection adder" daemon [_thread_blocked, id=6372, stack(0x000000d54b800000,0x000000d54b900000)]
=>0x00000201571a3650 JavaThread "C2 CompilerThread1" daemon [_thread_in_native, id=15936, stack(0x000000d54a200000,0x000000d54a300000)]

Other Threads:
  0x00000201551a3f50 VMThread "VM Thread" [stack: 0x000000d549500000,0x000000d549600000] [id=15552]
  0x0000020155cb9530 WatcherThread [stack: 0x000000d54a000000,0x000000d54a100000] [id=14180]
  0x00000201379cdea0 GCTaskThread "GC Thread#0" [stack: 0x000000d549000000,0x000000d549100000] [id=14872]
  0x0000020156272140 GCTaskThread "GC Thread#1" [stack: 0x000000d54a300000,0x000000d54a400000] [id=7216]
  0x0000020156366d30 GCTaskThread "GC Thread#2" [stack: 0x000000d54a400000,0x000000d54a500000] [id=9364]
  0x0000020157157690 GCTaskThread "GC Thread#3" [stack: 0x000000d54a500000,0x000000d54a600000] [id=10764]
  0x00000201379df110 ConcurrentGCThread "G1 Main Marker" [stack: 0x000000d549100000,0x000000d549200000] [id=15556]
  0x00000201379dfa30 ConcurrentGCThread "G1 Conc#0" [stack: 0x000000d549200000,0x000000d549300000] [id=11788]
  0x0000020137a37df0 ConcurrentGCThread "G1 Refine#0" [stack: 0x000000d549300000,0x000000d549400000] [id=9404]
  0x0000020137a3c730 ConcurrentGCThread "G1 Service" [stack: 0x000000d549400000,0x000000d549500000] [id=15548]

Threads with active compile tasks:
C2 CompilerThread0    13106 5572   !   4       org.springframework.core.annotation.AnnotationsScanner::processMethodHierarchy (276 bytes)
C1 CompilerThread0    13106 5632       2       org.springframework.asm.ClassReader::readMethod (1061 bytes)
C2 CompilerThread1    13106 5422       4       org.springframework.core.annotation.TypeMappedAnnotations::get (52 bytes)

VM state: not at safepoint (normal execution)

VM Mutex/Monitor currently owned by a thread: None

Heap address: 0x0000000081c00000, size: 2020 MB, Compressed Oops mode: 32-bit

CDS archive(s) mapped at: [0x0000000800000000-0x0000000800bd0000-0x0000000800bd0000), size 12386304, SharedBaseAddress: 0x0000000800000000, ArchiveRelocationMode: 0.
Compressed class space mapped at: 0x0000000800c00000-0x0000000840c00000, reserved size: 1073741824
Narrow klass base: 0x0000000800000000, Narrow klass shift: 0, Narrow klass range: 0x100000000

GC Precious Log:
 CPUs: 4 total, 4 available
 Memory: 8074M
 Large Page Support: Disabled
 NUMA Support: Disabled
 Compressed Oops: Enabled (32-bit)
 Heap Region Size: 1M
 Heap Min Capacity: 8M
 Heap Initial Capacity: 128M
 Heap Max Capacity: 2020M
 Pre-touch: Disabled
 Parallel Workers: 4
 Concurrent Workers: 1
 Concurrent Refinement Workers: 4
 Periodic GC: Disabled

Heap:
 garbage-first heap   total 61440K, used 34735K [0x0000000081c00000, 0x0000000100000000)
  region size 1024K, 11 young (11264K), 3 survivors (3072K)
 Metaspace       used 63983K, committed 64576K, reserved 1105920K
  class space    used 8682K, committed 8960K, reserved 1048576K

Heap Regions: E=young(eden), S=young(survivor), O=old, HS=humongous(starts), HC=humongous(continues), CS=collection set, F=free, OA=open archive, CA=closed archive, TAMS=top-at-mark-start (previous, next)
|   0|0x0000000081c00000, 0x0000000081d00000, 0x0000000081d00000|100%|HS|  |TAMS 0x0000000081d00000, 0x0000000081c00000| Complete 
|   1|0x0000000081d00000, 0x0000000081e00000, 0x0000000081e00000|100%| O|  |TAMS 0x0000000081e00000, 0x0000000081d00000| Untracked 
|   2|0x0000000081e00000, 0x0000000081f00000, 0x0000000081f00000|100%| O|  |TAMS 0x0000000081f00000, 0x0000000081e00000| Untracked 
|   3|0x0000000081f00000, 0x0000000082000000, 0x0000000082000000|100%| O|  |TAMS 0x0000000082000000, 0x0000000081f00000| Untracked 
|   4|0x0000000082000000, 0x0000000082100000, 0x0000000082100000|100%| O|  |TAMS 0x0000000082100000, 0x0000000082000000| Untracked 
|   5|0x0000000082100000, 0x0000000082200000, 0x0000000082200000|100%| O|  |TAMS 0x0000000082200000, 0x0000000082100000| Untracked 
|   6|0x0000000082200000, 0x0000000082300000, 0x0000000082300000|100%| O|  |TAMS 0x0000000082300000, 0x0000000082200000| Untracked 
|   7|0x0000000082300000, 0x0000000082400000, 0x0000000082400000|100%| O|  |TAMS 0x0000000082400000, 0x0000000082300000| Untracked 
|   8|0x0000000082400000, 0x0000000082500000, 0x0000000082500000|100%| O|  |TAMS 0x0000000082500000, 0x0000000082400000| Untracked 
|   9|0x0000000082500000, 0x0000000082600000, 0x0000000082600000|100%| O|  |TAMS 0x0000000082600000, 0x0000000082500000| Untracked 
|  10|0x0000000082600000, 0x0000000082700000, 0x0000000082700000|100%| O|  |TAMS 0x0000000082700000, 0x0000000082600000| Untracked 
|  11|0x0000000082700000, 0x0000000082800000, 0x0000000082800000|100%| O|  |TAMS 0x0000000082800000, 0x0000000082700000| Untracked 
|  12|0x0000000082800000, 0x0000000082900000, 0x0000000082900000|100%| O|  |TAMS 0x0000000082900000, 0x0000000082800000| Untracked 
|  13|0x0000000082900000, 0x0000000082a00000, 0x0000000082a00000|100%| O|  |TAMS 0x0000000082a00000, 0x0000000082900000| Untracked 
|  14|0x0000000082a00000, 0x0000000082b00000, 0x0000000082b00000|100%| O|  |TAMS 0x0000000082b00000, 0x0000000082a00000| Untracked 
|  15|0x0000000082b00000, 0x0000000082c00000, 0x0000000082c00000|100%| O|  |TAMS 0x0000000082c00000, 0x0000000082b00000| Untracked 
|  16|0x0000000082c00000, 0x0000000082d00000, 0x0000000082d00000|100%| O|  |TAMS 0x0000000082d00000, 0x0000000082c00000| Untracked 
|  17|0x0000000082d00000, 0x0000000082e00000, 0x0000000082e00000|100%| O|  |TAMS 0x0000000082e00000, 0x0000000082d00000| Untracked 
|  18|0x0000000082e00000, 0x0000000082f00000, 0x0000000082f00000|100%| O|  |TAMS 0x0000000082f00000, 0x0000000082e00000| Untracked 
|  19|0x0000000082f00000, 0x0000000083000000, 0x0000000083000000|100%| O|  |TAMS 0x0000000083000000, 0x0000000082f00000| Untracked 
|  20|0x0000000083000000, 0x0000000083100000, 0x0000000083100000|100%| O|  |TAMS 0x0000000083100000, 0x0000000083000000| Untracked 
|  21|0x0000000083100000, 0x0000000083200000, 0x0000000083200000|100%| O|  |TAMS 0x0000000083200000, 0x0000000083100000| Untracked 
|  22|0x0000000083200000, 0x0000000083300000, 0x0000000083300000|100%| O|  |TAMS 0x0000000083300000, 0x0000000083200000| Untracked 
|  23|0x0000000083300000, 0x0000000083400000, 0x0000000083400000|100%| O|  |TAMS 0x0000000083400000, 0x0000000083300000| Untracked 
|  24|0x0000000083400000, 0x0000000083400000, 0x0000000083500000|  0%| F|  |TAMS 0x0000000083400000, 0x0000000083400000| Untracked 
|  25|0x0000000083500000, 0x0000000083500000, 0x0000000083600000|  0%| F|  |TAMS 0x0000000083500000, 0x0000000083500000| Untracked 
|  26|0x0000000083600000, 0x0000000083600000, 0x0000000083700000|  0%| F|  |TAMS 0x0000000083600000, 0x0000000083600000| Untracked 
|  27|0x0000000083700000, 0x0000000083700000, 0x0000000083800000|  0%| F|  |TAMS 0x0000000083700000, 0x0000000083700000| Untracked 
|  28|0x0000000083800000, 0x0000000083800000, 0x0000000083900000|  0%| F|  |TAMS 0x0000000083800000, 0x0000000083800000| Untracked 
|  29|0x0000000083900000, 0x0000000083900000, 0x0000000083a00000|  0%| F|  |TAMS 0x0000000083900000, 0x0000000083900000| Untracked 
|  30|0x0000000083a00000, 0x0000000083a00000, 0x0000000083b00000|  0%| F|  |TAMS 0x0000000083a00000, 0x0000000083a00000| Untracked 
|  31|0x0000000083b00000, 0x0000000083b00000, 0x0000000083c00000|  0%| F|  |TAMS 0x0000000083b00000, 0x0000000083b00000| Untracked 
|  32|0x0000000083c00000, 0x0000000083cebd00, 0x0000000083d00000| 92%| S|CS|TAMS 0x0000000083c00000, 0x0000000083c00000| Complete 
|  33|0x0000000083d00000, 0x0000000083e00000, 0x0000000083e00000|100%| S|CS|TAMS 0x0000000083d00000, 0x0000000083d00000| Complete 
|  34|0x0000000083e00000, 0x0000000083f00000, 0x0000000083f00000|100%| S|CS|TAMS 0x0000000083e00000, 0x0000000083e00000| Complete 
|  35|0x0000000083f00000, 0x0000000083f00000, 0x0000000084000000|  0%| F|  |TAMS 0x0000000083f00000, 0x0000000083f00000| Untracked 
|  36|0x0000000084000000, 0x0000000084000000, 0x0000000084100000|  0%| F|  |TAMS 0x0000000084000000, 0x0000000084000000| Untracked 
|  37|0x0000000084100000, 0x0000000084100000, 0x0000000084200000|  0%| F|  |TAMS 0x0000000084100000, 0x0000000084100000| Untracked 
|  38|0x0000000084200000, 0x0000000084200000, 0x0000000084300000|  0%| F|  |TAMS 0x0000000084200000, 0x0000000084200000| Untracked 
|  39|0x0000000084300000, 0x0000000084300000, 0x0000000084400000|  0%| F|  |TAMS 0x0000000084300000, 0x0000000084300000| Untracked 
|  40|0x0000000084400000, 0x0000000084400000, 0x0000000084500000|  0%| F|  |TAMS 0x0000000084400000, 0x0000000084400000| Untracked 
|  41|0x0000000084500000, 0x0000000084500000, 0x0000000084600000|  0%| F|  |TAMS 0x0000000084500000, 0x0000000084500000| Untracked 
|  42|0x0000000084600000, 0x0000000084600000, 0x0000000084700000|  0%| F|  |TAMS 0x0000000084600000, 0x0000000084600000| Untracked 
|  43|0x0000000084700000, 0x0000000084700000, 0x0000000084800000|  0%| F|  |TAMS 0x0000000084700000, 0x0000000084700000| Untracked 
|  44|0x0000000084800000, 0x0000000084800000, 0x0000000084900000|  0%| F|  |TAMS 0x0000000084800000, 0x0000000084800000| Untracked 
|  45|0x0000000084900000, 0x0000000084900000, 0x0000000084a00000|  0%| F|  |TAMS 0x0000000084900000, 0x0000000084900000| Untracked 
|  46|0x0000000084a00000, 0x0000000084a00000, 0x0000000084b00000|  0%| F|  |TAMS 0x0000000084a00000, 0x0000000084a00000| Untracked 
|  47|0x0000000084b00000, 0x0000000084b00000, 0x0000000084c00000|  0%| F|  |TAMS 0x0000000084b00000, 0x0000000084b00000| Untracked 
|  48|0x0000000084c00000, 0x0000000084c00000, 0x0000000084d00000|  0%| F|  |TAMS 0x0000000084c00000, 0x0000000084c00000| Untracked 
|  49|0x0000000084d00000, 0x0000000084d00000, 0x0000000084e00000|  0%| F|  |TAMS 0x0000000084d00000, 0x0000000084d00000| Untracked 
|  50|0x0000000084e00000, 0x0000000084e00000, 0x0000000084f00000|  0%| F|  |TAMS 0x0000000084e00000, 0x0000000084e00000| Untracked 
|  51|0x0000000084f00000, 0x0000000084f00000, 0x0000000085000000|  0%| F|  |TAMS 0x0000000084f00000, 0x0000000084f00000| Untracked 
|  65|0x0000000085d00000, 0x0000000085dd54b8, 0x0000000085e00000| 83%| E|  |TAMS 0x0000000085d00000, 0x0000000085d00000| Complete 
|  66|0x0000000085e00000, 0x0000000085f00000, 0x0000000085f00000|100%| E|CS|TAMS 0x0000000085e00000, 0x0000000085e00000| Complete 
|  67|0x0000000085f00000, 0x0000000086000000, 0x0000000086000000|100%| E|CS|TAMS 0x0000000085f00000, 0x0000000085f00000| Complete 
|  68|0x0000000086000000, 0x0000000086100000, 0x0000000086100000|100%| E|CS|TAMS 0x0000000086000000, 0x0000000086000000| Complete 
|  69|0x0000000086100000, 0x0000000086200000, 0x0000000086200000|100%| E|CS|TAMS 0x0000000086100000, 0x0000000086100000| Complete 
|  70|0x0000000086200000, 0x0000000086300000, 0x0000000086300000|100%| E|CS|TAMS 0x0000000086200000, 0x0000000086200000| Complete 
|  71|0x0000000086300000, 0x0000000086400000, 0x0000000086400000|100%| E|CS|TAMS 0x0000000086300000, 0x0000000086300000| Complete 
| 127|0x0000000089b00000, 0x0000000089c00000, 0x0000000089c00000|100%| E|CS|TAMS 0x0000000089b00000, 0x0000000089b00000| Complete 

Card table byte_map: [0x000002014e5f0000,0x000002014e9f0000] _byte_map_base: 0x000002014e1e2000

Marking Bits (Prev, Next): (CMBitMap*) 0x00000201379ce3c0, (CMBitMap*) 0x00000201379ce400
 Prev Bits: [0x000002014edf0000, 0x0000020150d80000)
 Next Bits: [0x0000020150d80000, 0x0000020152d10000)

Polling page: 0x0000020137140000

Metaspace:

Usage:
  Non-class:     54.00 MB used.
      Class:      8.48 MB used.
       Both:     62.48 MB used.

Virtual space:
  Non-class space:       56.00 MB reserved,      54.31 MB ( 97%) committed,  7 nodes.
      Class space:        1.00 GB reserved,       8.75 MB ( <1%) committed,  1 nodes.
             Both:        1.05 GB reserved,      63.06 MB (  6%) committed. 

Chunk freelists:
   Non-Class:  1.48 MB
       Class:  3.11 MB
        Both:  4.59 MB

MaxMetaspaceSize: unlimited
CompressedClassSpaceSize: 1.00 GB
Initial GC threshold: 21.00 MB
Current GC threshold: 104.38 MB
CDS: on
MetaspaceReclaimPolicy: balanced
 - commit_granule_bytes: 65536.
 - commit_granule_words: 8192.
 - virtual_space_node_default_size: 1048576.
 - enlarge_chunks_in_place: 1.
 - new_chunks_are_fully_committed: 0.
 - uncommit_free_chunks: 1.
 - use_allocation_guard: 0.
 - handle_deallocations: 1.


Internal statistics:

num_allocs_failed_limit: 12.
num_arena_births: 694.
num_arena_deaths: 0.
num_vsnodes_births: 8.
num_vsnodes_deaths: 0.
num_space_committed: 1009.
num_space_uncommitted: 0.
num_chunks_returned_to_freelist: 12.
num_chunks_taken_from_freelist: 2887.
num_chunk_merges: 12.
num_chunk_splits: 2082.
num_chunks_enlarged: 1609.
num_purges: 0.
num_inconsistent_stats: 0.

CodeHeap 'non-profiled nmethods': size=120000Kb used=2840Kb max_used=2928Kb free=117159Kb
 bounds [0x0000020146cc0000, 0x0000020146fb0000, 0x000002014e1f0000]
CodeHeap 'profiled nmethods': size=120000Kb used=9742Kb max_used=10467Kb free=110257Kb
 bounds [0x000002013f1f0000, 0x000002013fc30000, 0x0000020146720000]
CodeHeap 'non-nmethods': size=5760Kb used=1350Kb max_used=1415Kb free=4409Kb
 bounds [0x0000020146720000, 0x0000020146990000, 0x0000020146cc0000]
 total_blobs=5531 nmethods=4848 adapters=595
 compilation: enabled
              stopped_count=0, restarted_count=0
 full_count=0

Compilation events (20 events):
Event: 12.714 Thread 0x00000201551cadc0 5616       3       java.lang.StringBuilder::charAt (6 bytes)
Event: 12.714 Thread 0x00000201551cadc0 nmethod 5616 0x000002013f274c90 code [0x000002013f274e20, 0x000002013f274f68]
Event: 12.715 Thread 0x00000201551cadc0 5617       2       org.springframework.security.crypto.bcrypt.BCrypt::streamtowords (111 bytes)
Event: 12.715 Thread 0x00000201551cadc0 nmethod 5617 0x000002013f274590 code [0x000002013f274740, 0x000002013f274a78]
Event: 12.715 Thread 0x00000201551cadc0 5618       2       org.springframework.security.crypto.bcrypt.BCrypt::streamtoword (17 bytes)
Event: 12.715 Thread 0x00000201551cadc0 nmethod 5618 0x000002013f274090 code [0x000002013f274240, 0x000002013f274428]
Event: 12.715 Thread 0x00000201551cadc0 5619       2       org.springframework.security.crypto.bcrypt.BCrypt::encipher (253 bytes)
Event: 12.716 Thread 0x00000201551cadc0 nmethod 5619 0x000002013f273790 code [0x000002013f273940, 0x000002013f273d98]
Event: 12.716 Thread 0x00000201551cadc0 5620       3       org.springframework.security.crypto.bcrypt.BCrypt::encipher (253 bytes)
Event: 12.717 Thread 0x00000201551cadc0 nmethod 5620 0x000002013faf2490 code [0x000002013faf2660, 0x000002013faf2af8]
Event: 12.725 Thread 0x00000201551cadc0 5623       3       org.springframework.security.crypto.bcrypt.BCrypt::streamtowords (111 bytes)
Event: 12.726 Thread 0x00000201551cadc0 nmethod 5623 0x000002013faf1d10 code [0x000002013faf1ec0, 0x000002013faf2278]
Event: 12.730 Thread 0x00000201551cadc0 5624       2       org.springframework.security.crypto.bcrypt.BCrypt::key (196 bytes)
Event: 12.731 Thread 0x00000201551cadc0 nmethod 5624 0x000002013faf1090 code [0x000002013faf1280, 0x000002013faf18b8]
Event: 12.733 Thread 0x00000201551cadc0 5625 %     3       org.springframework.security.crypto.bcrypt.BCrypt::key @ 151 (196 bytes)
Event: 12.734 Thread 0x00000201551cadc0 nmethod 5625% 0x000002013faf0090 code [0x000002013faf02c0, 0x000002013faf0bb8]
Event: 12.736 Thread 0x00000201551cadc0 5626       3       org.springframework.security.crypto.bcrypt.BCrypt::key (196 bytes)
Event: 12.737 Thread 0x00000201551cadc0 nmethod 5626 0x000002013faef290 code [0x000002013faef4a0, 0x000002013faefc38]
Event: 12.908 Thread 0x00000201551cadc0 5629       3       java.lang.AbstractStringBuilder::charAt (36 bytes)
Event: 12.908 Thread 0x00000201551cadc0 nmethod 5629 0x000002013f2aa510 code [0x000002013f2aa700, 0x000002013f2aab38]

GC Heap History (20 events):
Event: 5.652 GC heap before
{Heap before GC invocations=5 (full 0):
 garbage-first heap   total 51200K, used 37739K [0x0000000081c00000, 0x0000000100000000)
  region size 1024K, 30 young (30720K), 7 survivors (7168K)
 Metaspace       used 24753K, committed 25152K, reserved 1073152K
  class space    used 3210K, committed 3392K, reserved 1048576K
}
Event: 5.669 GC heap after
{Heap after GC invocations=6 (full 0):
 garbage-first heap   total 51200K, used 15844K [0x0000000081c00000, 0x0000000100000000)
  region size 1024K, 2 young (2048K), 2 survivors (2048K)
 Metaspace       used 24753K, committed 25152K, reserved 1073152K
  class space    used 3210K, committed 3392K, reserved 1048576K
}
Event: 5.711 GC heap before
{Heap before GC invocations=6 (full 0):
 garbage-first heap   total 51200K, used 16868K [0x0000000081c00000, 0x0000000100000000)
  region size 1024K, 3 young (3072K), 2 survivors (2048K)
 Metaspace       used 25023K, committed 25344K, reserved 1073152K
  class space    used 3246K, committed 3392K, reserved 1048576K
}
Event: 5.716 GC heap after
{Heap after GC invocations=7 (full 0):
 garbage-first heap   total 61440K, used 16357K [0x0000000081c00000, 0x0000000100000000)
  region size 1024K, 1 young (1024K), 1 survivors (1024K)
 Metaspace       used 25023K, committed 25344K, reserved 1073152K
  class space    used 3246K, committed 3392K, reserved 1048576K
}
Event: 6.866 GC heap before
{Heap before GC invocations=7 (full 0):
 garbage-first heap   total 61440K, used 42981K [0x0000000081c00000, 0x0000000100000000)
  region size 1024K, 27 young (27648K), 1 survivors (1024K)
 Metaspace       used 29843K, committed 30208K, reserved 1081344K
  class space    used 3901K, committed 4096K, reserved 1048576K
}
Event: 6.871 GC heap after
{Heap after GC invocations=8 (full 0):
 garbage-first heap   total 61440K, used 18824K [0x0000000081c00000, 0x0000000100000000)
  region size 1024K, 3 young (3072K), 3 survivors (3072K)
 Metaspace       used 29843K, committed 30208K, reserved 1081344K
  class space    used 3901K, committed 4096K, reserved 1048576K
}
Event: 7.715 GC heap before
{Heap before GC invocations=8 (full 0):
 garbage-first heap   total 61440K, used 44424K [0x0000000081c00000, 0x0000000100000000)
  region size 1024K, 28 young (28672K), 3 survivors (3072K)
 Metaspace       used 33592K, committed 34048K, reserved 1081344K
  class space    used 4278K, committed 4480K, reserved 1048576K
}
Event: 7.722 GC heap after
{Heap after GC invocations=9 (full 0):
 garbage-first heap   total 61440K, used 20420K [0x0000000081c00000, 0x0000000100000000)
  region size 1024K, 2 young (2048K), 2 survivors (2048K)
 Metaspace       used 33592K, committed 34048K, reserved 1081344K
  class space    used 4278K, committed 4480K, reserved 1048576K
}
Event: 8.199 GC heap before
{Heap before GC invocations=9 (full 0):
 garbage-first heap   total 61440K, used 32708K [0x0000000081c00000, 0x0000000100000000)
  region size 1024K, 16 young (16384K), 2 survivors (2048K)
 Metaspace       used 35667K, committed 36096K, reserved 1081344K
  class space    used 4546K, committed 4800K, reserved 1048576K
}
Event: 8.204 GC heap after
{Heap after GC invocations=10 (full 0):
 garbage-first heap   total 61440K, used 20959K [0x0000000081c00000, 0x0000000100000000)
  region size 1024K, 3 young (3072K), 3 survivors (3072K)
 Metaspace       used 35667K, committed 36096K, reserved 1081344K
  class space    used 4546K, committed 4800K, reserved 1048576K
}
Event: 9.284 GC heap before
{Heap before GC invocations=11 (full 0):
 garbage-first heap   total 61440K, used 44511K [0x0000000081c00000, 0x0000000100000000)
  region size 1024K, 27 young (27648K), 3 survivors (3072K)
 Metaspace       used 42171K, committed 42624K, reserved 1089536K
  class space    used 5485K, committed 5696K, reserved 1048576K
}
Event: 9.290 GC heap after
{Heap after GC invocations=12 (full 0):
 garbage-first heap   total 61440K, used 22553K [0x0000000081c00000, 0x0000000100000000)
  region size 1024K, 3 young (3072K), 3 survivors (3072K)
 Metaspace       used 42171K, committed 42624K, reserved 1089536K
  class space    used 5485K, committed 5696K, reserved 1048576K
}
Event: 10.602 GC heap before
{Heap before GC invocations=12 (full 0):
 garbage-first heap   total 61440K, used 46105K [0x0000000081c00000, 0x0000000100000000)
  region size 1024K, 27 young (27648K), 3 survivors (3072K)
 Metaspace       used 50660K, committed 51200K, reserved 1097728K
  class space    used 6595K, committed 6848K, reserved 1048576K
}
Event: 10.609 GC heap after
{Heap after GC invocations=13 (full 0):
 garbage-first heap   total 61440K, used 24829K [0x0000000081c00000, 0x0000000100000000)
  region size 1024K, 4 young (4096K), 4 survivors (4096K)
 Metaspace       used 50660K, committed 51200K, reserved 1097728K
  class space    used 6595K, committed 6848K, reserved 1048576K
}
Event: 11.432 GC heap before
{Heap before GC invocations=13 (full 0):
 garbage-first heap   total 61440K, used 46333K [0x0000000081c00000, 0x0000000100000000)
  region size 1024K, 26 young (26624K), 4 survivors (4096K)
 Metaspace       used 57156K, committed 57728K, reserved 1105920K
  class space    used 7656K, committed 7936K, reserved 1048576K
}
Event: 11.439 GC heap after
{Heap after GC invocations=14 (full 0):
 garbage-first heap   total 61440K, used 25759K [0x0000000081c00000, 0x0000000100000000)
  region size 1024K, 2 young (2048K), 2 survivors (2048K)
 Metaspace       used 57156K, committed 57728K, reserved 1105920K
  class space    used 7656K, committed 7936K, reserved 1048576K
}
Event: 11.845 GC heap before
{Heap before GC invocations=14 (full 0):
 garbage-first heap   total 61440K, used 35999K [0x0000000081c00000, 0x0000000100000000)
  region size 1024K, 13 young (13312K), 2 survivors (2048K)
 Metaspace       used 59923K, committed 60416K, reserved 1105920K
  class space    used 8075K, committed 8320K, reserved 1048576K
}
Event: 11.849 GC heap after
{Heap after GC invocations=15 (full 0):
 garbage-first heap   total 61440K, used 26047K [0x0000000081c00000, 0x0000000100000000)
  region size 1024K, 2 young (2048K), 2 survivors (2048K)
 Metaspace       used 59923K, committed 60416K, reserved 1105920K
  class space    used 8075K, committed 8320K, reserved 1048576K
}
Event: 12.537 GC heap before
{Heap before GC invocations=16 (full 0):
 garbage-first heap   total 61440K, used 49599K [0x0000000081c00000, 0x0000000100000000)
  region size 1024K, 25 young (25600K), 2 survivors (2048K)
 Metaspace       used 63140K, committed 63680K, reserved 1105920K
  class space    used 8548K, committed 8832K, reserved 1048576K
}
Event: 12.544 GC heap after
{Heap after GC invocations=17 (full 0):
 garbage-first heap   total 61440K, used 27567K [0x0000000081c00000, 0x0000000100000000)
  region size 1024K, 3 young (3072K), 3 survivors (3072K)
 Metaspace       used 63140K, committed 63680K, reserved 1105920K
  class space    used 8548K, committed 8832K, reserved 1048576K
}

Deoptimization events (20 events):
Event: 12.692 Thread 0x000002015698aa00 DEOPT PACKING pc=0x0000020146d92580 sp=0x000000d54a7fc650
Event: 12.692 Thread 0x000002015698aa00 DEOPT UNPACKING pc=0x00000201467723a3 sp=0x000000d54a7fc698 mode 2
Event: 12.701 Thread 0x000002015698aa00 Uncommon trap: trap_request=0xffffff45 fr.pc=0x0000020146d885dc relative=0x000000000000137c
Event: 12.701 Thread 0x000002015698aa00 Uncommon trap: reason=unstable_if action=reinterpret pc=0x0000020146d885dc method=java.util.concurrent.ConcurrentHashMap.transfer([Ljava/util/concurrent/ConcurrentHashMap$Node;[Ljava/util/concurrent/ConcurrentHashMap$Node;)V @ 352 c2
Event: 12.701 Thread 0x000002015698aa00 DEOPT PACKING pc=0x0000020146d885dc sp=0x000000d54a7fd390
Event: 12.701 Thread 0x000002015698aa00 DEOPT UNPACKING pc=0x00000201467723a3 sp=0x000000d54a7fd318 mode 2
Event: 12.714 Thread 0x000002015698aa00 Uncommon trap: trap_request=0xffffff45 fr.pc=0x0000020146d47e54 relative=0x00000000000000b4
Event: 12.714 Thread 0x000002015698aa00 Uncommon trap: reason=unstable_if action=reinterpret pc=0x0000020146d47e54 method=java.lang.AbstractStringBuilder.isLatin1()Z @ 10 c2
Event: 12.714 Thread 0x000002015698aa00 DEOPT PACKING pc=0x0000020146d47e54 sp=0x000000d54a7fc8a0
Event: 12.714 Thread 0x000002015698aa00 DEOPT UNPACKING pc=0x00000201467723a3 sp=0x000000d54a7fc788 mode 2
Event: 12.714 Thread 0x000002015698aa00 Uncommon trap: trap_request=0xffffff45 fr.pc=0x0000020146d48554 relative=0x00000000000000b4
Event: 12.714 Thread 0x000002015698aa00 Uncommon trap: reason=unstable_if action=reinterpret pc=0x0000020146d48554 method=java.lang.AbstractStringBuilder.isLatin1()Z @ 10 c2
Event: 12.714 Thread 0x000002015698aa00 DEOPT PACKING pc=0x0000020146d48554 sp=0x000000d54a7fc840
Event: 12.714 Thread 0x000002015698aa00 DEOPT UNPACKING pc=0x00000201467723a3 sp=0x000000d54a7fc790 mode 2
Event: 12.736 Thread 0x000002015698aa00 DEOPT PACKING pc=0x000002013faf17eb sp=0x000000d54a7fc830
Event: 12.736 Thread 0x000002015698aa00 DEOPT UNPACKING pc=0x0000020146772b43 sp=0x000000d54a7fbd10 mode 0
Event: 12.895 Thread 0x0000020158e64c40 Uncommon trap: trap_request=0xffffff45 fr.pc=0x0000020146f2efb4 relative=0x0000000000002054
Event: 12.895 Thread 0x0000020158e64c40 Uncommon trap: reason=unstable_if action=reinterpret pc=0x0000020146f2efb4 method=java.net.URL.<init>(Ljava/net/URL;Ljava/lang/String;Ljava/net/URLStreamHandler;)V @ 57 c2
Event: 12.895 Thread 0x0000020158e64c40 DEOPT PACKING pc=0x0000020146f2efb4 sp=0x000000d54b5fef10
Event: 12.895 Thread 0x0000020158e64c40 DEOPT UNPACKING pc=0x00000201467723a3 sp=0x000000d54b5feed0 mode 2

Classes unloaded (0 events):
No events

Classes redefined (0 events):
No events

Internal exceptions (20 events):
Event: 11.603 Thread 0x000002015698aa00 Exception <a 'java/lang/NoSuchMethodError'{0x0000000086033490}: 'java.lang.Object java.lang.invoke.Invokers$Holder.linkToTargetMethod(java.lang.Object, int, java.lang.Object, java.lang.Object)'> (0x0000000086033490) 
thrown [s\open\src\hotspot\share\interpreter\linkResolver.cpp, line 759]
Event: 11.637 Thread 0x000002015698aa00 Exception <a 'java/lang/NoSuchMethodError'{0x00000000860e7340}: 'java.lang.Object java.lang.invoke.DirectMethodHandle$Holder.newInvokeSpecial(java.lang.Object, java.lang.Object, int)'> (0x00000000860e7340) 
thrown [s\open\src\hotspot\share\interpreter\linkResolver.cpp, line 759]
Event: 11.637 Thread 0x000002015698aa00 Exception <a 'java/lang/IncompatibleClassChangeError'{0x00000000860eb008}: Found class java.lang.Object, but interface was expected> (0x00000000860eb008) 
thrown [s\open\src\hotspot\share\interpreter\linkResolver.cpp, line 826]
Event: 11.707 Thread 0x000002015698aa00 Exception <a 'java/lang/NoSuchMethodError'{0x0000000085e50378}: 'int java.lang.invoke.DirectMethodHandle$Holder.invokeStatic(java.lang.Object, int, java.lang.Object)'> (0x0000000085e50378) 
thrown [s\open\src\hotspot\share\interpreter\linkResolver.cpp, line 759]
Event: 11.711 Thread 0x000002015698aa00 Exception <a 'java/lang/NoSuchMethodError'{0x0000000085e71a08}: 'java.lang.Object java.lang.invoke.DirectMethodHandle$Holder.newInvokeSpecial(java.lang.Object, java.lang.Object, java.lang.Object, java.lang.Object, java.lang.Object, int, java.lang.Object)'> (0x0000000085e71a08) 
thrown [s\open\src\hotspot\share\interpreter\linkResolver.cpp, line 759]
Event: 11.720 Thread 0x000002015698aa00 Exception <a 'java/lang/NoSuchMethodError'{0x0000000085eaafe8}: 'java.lang.Object java.lang.invoke.DirectMethodHandle$Holder.newInvokeSpecial(java.lang.Object, java.lang.Object, java.lang.Object, java.lang.Object, java.lang.Object, java.lang.Object, java.lang.Object, java.lang.Object, java.lang.Object, java.lang.Object, java.lang.Object, java.lang.Object)'> (0x0000000085eaafe8) 
thrown [s\open\src\hotspot\share\interpreter\linkResolver.cpp, line 759]
Event: 11.721 Thread 0x000002015698aa00 Exception <a 'java/lang/NoSuchMethodError'{0x0000000085eafa80}: 'java.lang.Object java.lang.invoke.DirectMethodHandle$Holder.invokeSpecial(java.lang.Object, java.lang.Object, java.lang.Object, java.lang.Object, java.lang.Object, java.lang.Object, java.lang.Object, java.lang.Object, java.lang.Object, java.lang.Object, java.lang.Object, java.lang.Object, java.lang.Object)'> (0x0000000085eafa80) 
thrown [s\open\src\hotspot\share\interpreter\linkResolver.cpp, line 759]
Event: 11.721 Thread 0x000002015698aa00 Exception <a 'java/lang/NoSuchMethodError'{0x0000000085eb4198}: 'java.lang.Object java.lang.invoke.Invokers$Holder.linkToTargetMethod(java.lang.Object, java.lang.Object, java.lang.Object, java.lang.Object, java.lang.Object, java.lang.Object, java.lang.Object, java.lang.Object, java.lang.Object, java.lang.Object, java.lang.Object, java.lang.Object)'> (0x0000000085eb4198) 
thrown [s\open\src\hotspot\share\interpreter\linkResolver.cpp, line 759]
Event: 11.797 Thread 0x000002015698aa00 Exception <a 'java/lang/NoSuchMethodError'{0x0000000084fe01c0}: 'java.lang.Object java.lang.invoke.DirectMethodHandle$Holder.newInvokeSpecial(java.lang.Object, java.lang.Object, java.lang.Object, java.lang.Object, java.lang.Object, java.lang.Object, java.lang.Object, int)'> (0x0000000084fe01c0) 
thrown [s\open\src\hotspot\share\interpreter\linkResolver.cpp, line 759]
Event: 11.797 Thread 0x000002015698aa00 Exception <a 'java/lang/NoSuchMethodError'{0x0000000084fe5460}: 'java.lang.Object java.lang.invoke.DirectMethodHandle$Holder.invokeSpecial(java.lang.Object, java.lang.Object, java.lang.Object, java.lang.Object, java.lang.Object, java.lang.Object, java.lang.Object, java.lang.Object, int)'> (0x0000000084fe5460) 
thrown [s\open\src\hotspot\share\interpreter\linkResolver.cpp, line 759]
Event: 11.797 Thread 0x000002015698aa00 Exception <a 'java/lang/NoSuchMethodError'{0x0000000084fe9f28}: 'java.lang.Object java.lang.invoke.Invokers$Holder.linkToTargetMethod(java.lang.Object, java.lang.Object, java.lang.Object, java.lang.Object, java.lang.Object, java.lang.Object, int, java.lang.Object)'> (0x0000000084fe9f28) 
thrown [s\open\src\hotspot\share\interpreter\linkResolver.cpp, line 759]
Event: 11.829 Thread 0x000002015698aa00 Exception <a 'java/lang/NoSuchMethodError'{0x0000000084ec34c0}: 'void java.lang.invoke.DirectMethodHandle$Holder.invokeInterface(java.lang.Object, java.lang.Object)'> (0x0000000084ec34c0) 
thrown [s\open\src\hotspot\share\interpreter\linkResolver.cpp, line 759]
Event: 12.095 Thread 0x000002015698aa00 Exception <a 'java/lang/IncompatibleClassChangeError'{0x0000000085d86890}: Found class java.lang.Object, but interface was expected> (0x0000000085d86890) 
thrown [s\open\src\hotspot\share\interpreter\linkResolver.cpp, line 826]
Event: 12.112 Thread 0x000002015698aa00 Exception <a 'java/lang/IncompatibleClassChangeError'{0x0000000084f11400}: Found class java.lang.Object, but interface was expected> (0x0000000084f11400) 
thrown [s\open\src\hotspot\share\interpreter\linkResolver.cpp, line 826]
Event: 12.167 Thread 0x000002015698aa00 Exception <a 'java/lang/IncompatibleClassChangeError'{0x0000000084e88a30}: Found class java.lang.Object, but interface was expected> (0x0000000084e88a30) 
thrown [s\open\src\hotspot\share\interpreter\linkResolver.cpp, line 826]
Event: 12.397 Thread 0x000002015698aa00 Exception <a 'java/lang/IncompatibleClassChangeError'{0x000000008450aad0}: Found class java.lang.Object, but interface was expected> (0x000000008450aad0) 
thrown [s\open\src\hotspot\share\interpreter\linkResolver.cpp, line 826]
Event: 12.530 Thread 0x000002015698aa00 Exception <a 'java/lang/reflect/InvocationTargetException'{0x0000000083fc5708}> (0x0000000083fc5708) 
thrown [s\open\src\hotspot\share\runtime\reflection.cpp, line 1121]
Event: 12.564 Thread 0x000002015698aa00 Exception <a 'java/lang/NoSuchMethodError'{0x0000000089b2c750}: 'int java.lang.invoke.DirectMethodHandle$Holder.invokeStatic(java.lang.Object, java.lang.Object, int)'> (0x0000000089b2c750) 
thrown [s\open\src\hotspot\share\interpreter\linkResolver.cpp, line 759]
Event: 12.579 Thread 0x000002015698aa00 Exception <a 'java/lang/IncompatibleClassChangeError'{0x0000000089b74e30}: Found class java.lang.Object, but interface was expected> (0x0000000089b74e30) 
thrown [s\open\src\hotspot\share\interpreter\linkResolver.cpp, line 826]
Event: 12.675 Thread 0x000002015698aa00 Exception <a 'java/lang/NoSuchMethodError'{0x0000000086232150}: 'java.lang.Object java.lang.invoke.DirectMethodHandle$Holder.invokeStatic(java.lang.Object, int, java.lang.Object)'> (0x0000000086232150) 
thrown [s\open\src\hotspot\share\interpreter\linkResolver.cpp, line 759]

VM Operations (20 events):
Event: 11.916 Executing VM operation: G1Concurrent
Event: 11.923 Executing VM operation: G1Concurrent done
Event: 11.947 Executing VM operation: G1Concurrent
Event: 11.948 Executing VM operation: G1Concurrent done
Event: 11.956 Executing VM operation: HandshakeAllThreads
Event: 11.956 Executing VM operation: HandshakeAllThreads done
Event: 12.324 Executing VM operation: HandshakeAllThreads
Event: 12.324 Executing VM operation: HandshakeAllThreads done
Event: 12.444 Executing VM operation: ICBufferFull
Event: 12.444 Executing VM operation: ICBufferFull done
Event: 12.471 Executing VM operation: HandshakeAllThreads
Event: 12.471 Executing VM operation: HandshakeAllThreads done
Event: 12.471 Executing VM operation: HandshakeAllThreads
Event: 12.471 Executing VM operation: HandshakeAllThreads done
Event: 12.537 Executing VM operation: G1CollectForAllocation
Event: 12.544 Executing VM operation: G1CollectForAllocation done
Event: 12.624 Executing VM operation: G1Concurrent
Event: 12.628 Executing VM operation: G1Concurrent done
Event: 12.660 Executing VM operation: G1Concurrent
Event: 12.660 Executing VM operation: G1Concurrent done

Events (20 events):
Event: 12.026 loading class sun/reflect/generics/reflectiveObjects/GenericArrayTypeImpl
Event: 12.027 loading class sun/reflect/generics/reflectiveObjects/GenericArrayTypeImpl done
Event: 12.094 loading class java/util/concurrent/ConcurrentHashMap$TreeNode
Event: 12.094 loading class java/util/concurrent/ConcurrentHashMap$TreeNode done
Event: 12.095 loading class java/util/concurrent/ConcurrentHashMap$TreeBin
Event: 12.095 loading class java/util/concurrent/ConcurrentHashMap$TreeBin done
Event: 12.405 loading class java/lang/Package$1PackageInfoProxy
Event: 12.405 loading class java/lang/Package$1PackageInfoProxy done
Event: 12.492 loading class java/util/stream/ReduceOps$5
Event: 12.493 loading class java/util/stream/ReduceOps$5 done
Event: 12.493 loading class java/util/stream/ReduceOps$CountingSink$OfRef
Event: 12.494 loading class java/util/stream/ReduceOps$CountingSink
Event: 12.494 loading class java/util/stream/ReduceOps$CountingSink done
Event: 12.494 loading class java/util/stream/ReduceOps$CountingSink$OfRef done
Event: 12.577 loading class java/util/regex/Pattern$1
Event: 12.577 loading class java/util/regex/Pattern$1 done
Event: 12.638 loading class java/util/regex/Pattern$Bound
Event: 12.639 loading class java/util/regex/Pattern$Bound done
Event: 12.645 loading class java/util/regex/Pattern$Behind
Event: 12.645 loading class java/util/regex/Pattern$Behind done


Dynamic libraries:
0x00007ff77c7e0000 - 0x00007ff77c7f0000 	C:\Program Files\Java\jdk-17\bin\javaw.exe
0x00007ffb639b0000 - 0x00007ffb63ba8000 	C:\WINDOWS\SYSTEM32\ntdll.dll
0x00007ffb62940000 - 0x00007ffb629fd000 	C:\WINDOWS\System32\KERNEL32.DLL
0x00007ffb61340000 - 0x00007ffb61636000 	C:\WINDOWS\System32\KERNELBASE.dll
0x00007ffb61240000 - 0x00007ffb61340000 	C:\WINDOWS\System32\ucrtbase.dll
0x00007ffb282d0000 - 0x00007ffb282e8000 	C:\Program Files\Java\jdk-17\bin\jli.dll
0x00007ffb61ae0000 - 0x00007ffb61b93000 	C:\WINDOWS\System32\ADVAPI32.dll
0x00007ffb627f0000 - 0x00007ffb6288e000 	C:\WINDOWS\System32\msvcrt.dll
0x00007ffb634b0000 - 0x00007ffb6354f000 	C:\WINDOWS\System32\sechost.dll
0x00007ffb61ba0000 - 0x00007ffb61cc6000 	C:\WINDOWS\System32\RPCRT4.dll
0x00007ffb3f060000 - 0x00007ffb3f07b000 	C:\Program Files\Java\jdk-17\bin\VCRUNTIME140.dll
0x00007ffb61690000 - 0x00007ffb616b7000 	C:\WINDOWS\System32\bcrypt.dll
0x00007ffb61d50000 - 0x00007ffb61eee000 	C:\WINDOWS\System32\USER32.dll
0x00007ffb61880000 - 0x00007ffb618a2000 	C:\WINDOWS\System32\win32u.dll
0x00007ffb619f0000 - 0x00007ffb61a1b000 	C:\WINDOWS\System32\GDI32.dll
0x00007ffb61760000 - 0x00007ffb61877000 	C:\WINDOWS\System32\gdi32full.dll
0x00007ffb616c0000 - 0x00007ffb6175d000 	C:\WINDOWS\System32\msvcp_win.dll
0x00007ffb44b30000 - 0x00007ffb44dca000 	C:\WINDOWS\WinSxS\amd64_microsoft.windows.common-controls_6595b64144ccf1df_6.0.19041.3636_none_60b6a03d71f818d5\COMCTL32.dll
0x00007ffb59110000 - 0x00007ffb5911a000 	C:\WINDOWS\SYSTEM32\VERSION.dll
0x00007ffb63470000 - 0x00007ffb634a2000 	C:\WINDOWS\System32\IMM32.DLL
0x00007ffb5dd90000 - 0x00007ffb5dd9c000 	C:\Program Files\Java\jdk-17\bin\vcruntime140_1.dll
0x00007ffb337e0000 - 0x00007ffb3386e000 	C:\Program Files\Java\jdk-17\bin\msvcp140.dll
0x00007ffaff5c0000 - 0x00007ffb00197000 	C:\Program Files\Java\jdk-17\bin\server\jvm.dll
0x00007ffb63960000 - 0x00007ffb63968000 	C:\WINDOWS\System32\PSAPI.DLL
0x00007ffb50480000 - 0x00007ffb50489000 	C:\WINDOWS\SYSTEM32\WSOCK32.dll
0x00007ffb505e0000 - 0x00007ffb50607000 	C:\WINDOWS\SYSTEM32\WINMM.dll
0x00007ffb63150000 - 0x00007ffb631bb000 	C:\WINDOWS\System32\WS2_32.dll
0x00007ffb5f870000 - 0x00007ffb5f882000 	C:\WINDOWS\SYSTEM32\kernel.appcore.dll
0x00007ffb3ace0000 - 0x00007ffb3acea000 	C:\Program Files\Java\jdk-17\bin\jimage.dll
0x00007ffb5f5a0000 - 0x00007ffb5f784000 	C:\WINDOWS\SYSTEM32\DBGHELP.DLL
0x00007ffb502b0000 - 0x00007ffb502e4000 	C:\WINDOWS\SYSTEM32\dbgcore.DLL
0x00007ffb618b0000 - 0x00007ffb61932000 	C:\WINDOWS\System32\bcryptPrimitives.dll
0x00007ffb3a400000 - 0x00007ffb3a425000 	C:\Program Files\Java\jdk-17\bin\java.dll
0x00007ffb281f0000 - 0x00007ffb282c7000 	C:\Program Files\Java\jdk-17\bin\jsvml.dll
0x00007ffb62a00000 - 0x00007ffb63145000 	C:\WINDOWS\System32\SHELL32.dll
0x00007ffb5ed30000 - 0x00007ffb5f4cc000 	C:\WINDOWS\SYSTEM32\windows.storage.dll
0x00007ffb62020000 - 0x00007ffb62374000 	C:\WINDOWS\System32\combase.dll
0x00007ffb60a30000 - 0x00007ffb60a5e000 	C:\WINDOWS\SYSTEM32\Wldp.dll
0x00007ffb63830000 - 0x00007ffb638fd000 	C:\WINDOWS\System32\OLEAUT32.dll
0x00007ffb63780000 - 0x00007ffb6382d000 	C:\WINDOWS\System32\SHCORE.dll
0x00007ffb61a20000 - 0x00007ffb61a75000 	C:\WINDOWS\System32\shlwapi.dll
0x00007ffb60fa0000 - 0x00007ffb60fc5000 	C:\WINDOWS\SYSTEM32\profapi.dll
0x00007ffb281b0000 - 0x00007ffb281c9000 	C:\Program Files\Java\jdk-17\bin\net.dll
0x00007ffb53bc0000 - 0x00007ffb53cca000 	C:\WINDOWS\SYSTEM32\WINHTTP.dll
0x00007ffb60730000 - 0x00007ffb6079a000 	C:\WINDOWS\system32\mswsock.dll
0x00007ffb28190000 - 0x00007ffb281a6000 	C:\Program Files\Java\jdk-17\bin\nio.dll
0x00007ffb281d0000 - 0x00007ffb281e8000 	C:\Program Files\Java\jdk-17\bin\zip.dll
0x00007ffb505b0000 - 0x00007ffb505ba000 	C:\Program Files\Java\jdk-17\bin\management.dll
0x00007ffb3fed0000 - 0x00007ffb3fedb000 	C:\Program Files\Java\jdk-17\bin\management_ext.dll
0x00007ffb33fd0000 - 0x00007ffb33fdd000 	C:\Program Files\Java\jdk-17\bin\sunmscapi.dll
0x00007ffb61070000 - 0x00007ffb611cd000 	C:\WINDOWS\System32\CRYPT32.dll
0x00007ffb60aa0000 - 0x00007ffb60ac8000 	C:\WINDOWS\SYSTEM32\ncrypt.dll
0x00007ffb60a60000 - 0x00007ffb60a9b000 	C:\WINDOWS\SYSTEM32\NTASN1.dll
0x00007ffb60930000 - 0x00007ffb60948000 	C:\WINDOWS\SYSTEM32\CRYPTSP.dll
0x00007ffb60030000 - 0x00007ffb60064000 	C:\WINDOWS\system32\rsaenh.dll
0x00007ffb60f60000 - 0x00007ffb60f8e000 	C:\WINDOWS\SYSTEM32\USERENV.dll
0x00007ffb60920000 - 0x00007ffb6092c000 	C:\WINDOWS\SYSTEM32\CRYPTBASE.dll
0x00007ffb60420000 - 0x00007ffb6045b000 	C:\WINDOWS\SYSTEM32\IPHLPAPI.DLL
0x00007ffb631c0000 - 0x00007ffb631c8000 	C:\WINDOWS\System32\NSI.dll
0x00007ffb59160000 - 0x00007ffb59177000 	C:\WINDOWS\SYSTEM32\dhcpcsvc6.DLL
0x00007ffb59140000 - 0x00007ffb5915d000 	C:\WINDOWS\SYSTEM32\dhcpcsvc.DLL
0x00007ffb60460000 - 0x00007ffb6052b000 	C:\WINDOWS\SYSTEM32\DNSAPI.dll
0x00007ffb3a3f0000 - 0x00007ffb3a400000 	C:\Program Files\Java\jdk-17\bin\verify.dll
0x000000006ba20000 - 0x000000006ba46000 	C:\Program Files\Bonjour\mdnsNSP.dll
0x00007ffb53120000 - 0x00007ffb5312a000 	C:\Windows\System32\rasadhlp.dll
0x00007ffb53440000 - 0x00007ffb534c0000 	C:\WINDOWS\System32\fwpuclnt.dll

dbghelp: loaded successfully - version: 4.0.5 - missing functions: none
symbol engine: initialized successfully - sym options: 0x614 - pdb path: .;C:\Program Files\Java\jdk-17\bin;C:\WINDOWS\SYSTEM32;C:\WINDOWS\WinSxS\amd64_microsoft.windows.common-controls_6595b64144ccf1df_6.0.19041.3636_none_60b6a03d71f818d5;C:\Program Files\Java\jdk-17\bin\server;C:\Program Files\Bonjour

VM Arguments:
jvm_args: -Dfile.encoding=UTF-8 -XX:+ShowCodeDetailsInExceptionMessages 
java_command: com.springboot.project.mywebapp.MywebappApplication
java_class_path (initial): C:\Users\Shatabdi\Downloads\mywebapp\target\classes;C:\Users\Shatabdi\.m2\repository\org\springframework\boot\spring-boot-starter-web\3.3.0-M1\spring-boot-starter-web-3.3.0-M1.jar;C:\Users\Shatabdi\.m2\repository\org\springframework\boot\spring-boot-starter\3.3.0-M1\spring-boot-starter-3.3.0-M1.jar;C:\Users\Shatabdi\.m2\repository\org\springframework\boot\spring-boot-starter-logging\3.3.0-M1\spring-boot-starter-logging-3.3.0-M1.jar;C:\Users\Shatabdi\.m2\repository\ch\qos\logback\logback-classic\1.4.14\logback-classic-1.4.14.jar;C:\Users\Shatabdi\.m2\repository\ch\qos\logback\logback-core\1.4.14\logback-core-1.4.14.jar;C:\Users\Shatabdi\.m2\repository\org\apache\logging\log4j\log4j-to-slf4j\2.22.1\log4j-to-slf4j-2.22.1.jar;C:\Users\Shatabdi\.m2\repository\org\apache\logging\log4j\log4j-api\2.22.1\log4j-api-2.22.1.jar;C:\Users\Shatabdi\.m2\repository\org\slf4j\jul-to-slf4j\2.0.11\jul-to-slf4j-2.0.11.jar;C:\Users\Shatabdi\.m2\repository\jakarta\annotation\jakarta.annotation-api\2.1.1\jakarta.annotation-api-2.1.1.jar;C:\Users\Shatabdi\.m2\repository\org\yaml\snakeyaml\2.2\snakeyaml-2.2.jar;C:\Users\Shatabdi\.m2\repository\org\springframework\boot\spring-boot-starter-json\3.3.0-M1\spring-boot-starter-json-3.3.0-M1.jar;C:\Users\Shatabdi\.m2\repository\com\fasterxml\jackson\core\jackson-databind\2.16.1\jackson-databind-2.16.1.jar;C:\Users\Shatabdi\.m2\repository\com\fasterxml\jackson\core\jackson-annotations\2.16.1\jackson-annotations-2.16.1.jar;C:\Users\Shatabdi\.m2\repository\com\fasterxml\jackson\core\jackson-core\2.16.1\jackson-core-2.16.1.jar;C:\Users\Shatabdi\.m2\repository\com\fasterxml\jackson\datatype\jackson-datatype-jdk8\2.16.1\jackson-datatype-jdk8-2.16.1.jar;C:\Users\Shatabdi\.m2\repository\com\fasterxml\jackson\datatype\jackson-datatype-jsr310\2.16.1\jackson-datatype-jsr310-2.16.1.jar;C:\Users\Shatabdi\.m2\repository\com\fasterxml\jackson\module\jackson-module-parameter-names\2.16.1\jackson-module-parameter-names-2.16.1.jar;C:\Use
Launcher Type: SUN_STANDARD

[Global flags]
     intx CICompilerCount                          = 3                                         {product} {ergonomic}
     uint ConcGCThreads                            = 1                                         {product} {ergonomic}
     uint G1ConcRefinementThreads                  = 4                                         {product} {ergonomic}
   size_t G1HeapRegionSize                         = 1048576                                   {product} {ergonomic}
    uintx GCDrainStackTargetSize                   = 64                                        {product} {ergonomic}
   size_t InitialHeapSize                          = 134217728                                 {product} {ergonomic}
   size_t MarkStackSize                            = 4194304                                   {product} {ergonomic}
   size_t MaxHeapSize                              = 2118123520                                {product} {ergonomic}
   size_t MaxNewSize                               = 1270874112                                {product} {ergonomic}
   size_t MinHeapDeltaBytes                        = 1048576                                   {product} {ergonomic}
   size_t MinHeapSize                              = 8388608                                   {product} {ergonomic}
    uintx NonNMethodCodeHeapSize                   = 5832780                                {pd product} {ergonomic}
    uintx NonProfiledCodeHeapSize                  = 122912730                              {pd product} {ergonomic}
    uintx ProfiledCodeHeapSize                     = 122912730                              {pd product} {ergonomic}
    uintx ReservedCodeCacheSize                    = 251658240                              {pd product} {ergonomic}
     bool SegmentedCodeCache                       = true                                      {product} {ergonomic}
     bool ShowCodeDetailsInExceptionMessages       = true                                   {manageable} {command line}
   size_t SoftMaxHeapSize                          = 2118123520                             {manageable} {ergonomic}
     bool UseCompressedClassPointers               = true                           {product lp64_product} {ergonomic}
     bool UseCompressedOops                        = true                           {product lp64_product} {ergonomic}
     bool UseG1GC                                  = true                                      {product} {ergonomic}
     bool UseLargePagesIndividualAllocation        = false                                  {pd product} {ergonomic}

Logging:
Log output configuration:
 #0: stdout all=warning uptime,level,tags
 #1: stderr all=off uptime,level,tags

Environment Variables:
JAVA_HOME=C:\Program Files\Java\jdk-17
CLASSPATH=E:\test\mypack.jar;.;
PATH=C:/Program Files/Java/jdk-17/bin/server;C:/Program Files/Java/jdk-17/bin;C:\Program Files\Common Files\Oracle\Java\javapath;C:\Python311\Scripts\;C:\Python311\;C:\Program Files\Java\jdk-17\bin;C:\Program Files\Intel\Intel(R) Management Engine Components\iCLS\;C:\WINDOWS\system32;C:\WINDOWS;C:\WINDOWS\System32\Wbem;C:\WINDOWS\System32\WindowsPowerShell\v1.0\;C:\Program Files (x86)\Intel\Intel(R) Management Engine Components\DAL;C:\Program Files\Intel\Intel(R) Management Engine Components\DAL;C:\Program Files (x86)\Intel\Intel(R) Management Engine Components\IPT;C:\Program Files\Intel\Intel(R) Management Engine Components\IPT;C:\WINDOWS\System32\OpenSSH\;C:\Program Files\nodejs\;C:\ProgramData\chocolatey\bin;C:\Program Files\apache-maven-3.8.7\bin;C:\Program Files\Git\cmd;C:\Users\Shatabdi\AppData\Local\Android\cmdline-tools\tools;C:\Users\Shatabdi\AppData\Local\Android\cmdline-tools\tools\bin;C:\Users\Shatabdi\AppData\Local\Android\platform-tools;C:\Program Files\TortoiseGit\bin;C:\HashiCorp\Vagrant\bin;C:\Program Files\MongoDB\Server\6.0\bin;C:\mongosh\bin;;C:\Program Files\Docker\Docker\resources\bin;C:\Program Files\MySQL\MySQL Shell 8.0\bin\;C:\Users\Shatabdi\AppData\Local\Programs\Python\Python39\Scripts\;C:\Users\Shatabdi\AppData\Local\Programs\Python\Python39\;C:\Users\Shatabdi\AppData\Local\Microsoft\WindowsApps;C:\Program Files\Java\jdk-17\bin;C:\Users\Shatabdi\AppData\Roaming\npm;C:\Users\Shatabdi\AppData\Local\Programs\Microsoft VS Code\bin;C:\Users\Shatabdi\AppData\Local\GitHubDesktop\bin;C:\WINDOWS\system32;
USERNAME=Shatabdi
OS=Windows_NT
PROCESSOR_IDENTIFIER=Intel64 Family 6 Model 142 Stepping 9, GenuineIntel



---------------  S Y S T E M  ---------------

OS:
 Windows 10 , 64 bit Build 19041 (10.0.19041.3636)
OS uptime: 0 days 0:34 hours
Hyper-V role detected

CPU: total 4 (initial active 4) (2 cores per cpu, 2 threads per core) family 6 model 142 stepping 9 microcode 0xb4, cx8, cmov, fxsr, ht, mmx, 3dnowpref, sse, sse2, sse3, ssse3, sse4.1, sse4.2, popcnt, lzcnt, tsc, tscinvbit, avx, avx2, aes, erms, clmul, bmi1, bmi2, adx, fma, vzeroupper, clflush, clflushopt, hv

Memory: 4k page, system-wide physical 8074M (504M free)
TotalPageFile size 10122M (AvailPageFile size 2M)
current process WorkingSet (physical memory assigned to process): 262M, peak: 262M
current process commit charge ("private bytes"): 294M, peak: 294M

vm_info: Java HotSpot(TM) 64-Bit Server VM (17.0.6+9-LTS-190) for windows-amd64 JRE (17.0.6+9-LTS-190), built on Dec  6 2022 15:53:54 by "mach5one" with MS VC++ 17.1 (VS2022)

END.
