#
# There is insufficient memory for the Java Runtime Environment to continue.
# Native memory allocation (mmap) failed to map 134217728 bytes for G1 virtual space
# Possible reasons:
#   The system is out of physical RAM or swap space
#   The process is running with CompressedOops enabled, and the Java Heap may be blocking the growth of the native heap
# Possible solutions:
#   Reduce memory load on the system
#   Increase physical memory or swap space
#   Check if swap backing store is full
#   Decrease Java heap size (-Xmx/-Xms)
#   Decrease number of Java threads
#   Decrease Java thread stack sizes (-Xss)
#   Set larger code cache with -XX:ReservedCodeCacheSize=
#   JVM is running with Unscaled Compressed Oops mode in which the Java heap is
#     placed in the first 4GB address space. The Java Heap base address is the
#     maximum limit for the native heap growth. Please use -XX:HeapBaseMinAddress
#     to set the Java Heap base and to place the Java Heap above 4GB virtual address.
# This output file may be truncated or incomplete.
#
#  Out of Memory Error (os_windows.cpp:3550), pid=12828, tid=4916
#
# JRE version:  (17.0.6+9) (build )
# Java VM: Java HotSpot(TM) 64-Bit Server VM (17.0.6+9-LTS-190, mixed mode, sharing, tiered, compressed oops, compressed class ptrs, g1 gc, windows-amd64)
# No core dump will be written. Minidumps are not enabled by default on client versions of Windows
#

---------------  S U M M A R Y ------------

Command Line: -Dfile.encoding=UTF-8 -XX:+ShowCodeDetailsInExceptionMessages com.springboot.project.mywebapp.MywebappApplication

Host: Intel(R) Core(TM) i3-7020U CPU @ 2.30GHz, 4 cores, 7G,  Windows 10 , 64 bit Build 19041 (10.0.19041.3636)
Time: Tue Mar 19 12:08:44 2024 India Standard Time elapsed time: 0.022233 seconds (0d 0h 0m 0s)

---------------  T H R E A D  ---------------

Current thread (0x000002af7b7f4610):  JavaThread "Unknown thread" [_thread_in_vm, id=4916, stack(0x000000b2bd000000,0x000000b2bd100000)]

Stack: [0x000000b2bd000000,0x000000b2bd100000]
Native frames: (J=compiled Java code, j=interpreted, Vv=VM code, C=native code)
V  [jvm.dll+0x6734ea]
V  [jvm.dll+0x7d18f4]
V  [jvm.dll+0x7d309e]
V  [jvm.dll+0x7d3703]
V  [jvm.dll+0x2433c5]
V  [jvm.dll+0x6703f9]
V  [jvm.dll+0x664d32]
V  [jvm.dll+0x300086]
V  [jvm.dll+0x307606]
V  [jvm.dll+0x356c1e]
V  [jvm.dll+0x356e4f]
V  [jvm.dll+0x2d72e8]
V  [jvm.dll+0x2d8254]
V  [jvm.dll+0x7a33b1]
V  [jvm.dll+0x3647f1]
V  [jvm.dll+0x782839]
V  [jvm.dll+0x3e757f]
V  [jvm.dll+0x3e9001]
C  [jli.dll+0x5297]
C  [ucrtbase.dll+0x21bb2]
C  [KERNEL32.DLL+0x17344]
C  [ntdll.dll+0x526b1]


---------------  P R O C E S S  ---------------

Threads class SMR info:
_java_thread_list=0x00007ffa471ae958, length=0, elements={
}

Java Threads: ( => current thread )

Other Threads:
  0x000002af7b84f720 GCTaskThread "GC Thread#0" [stack: 0x000000b2bd100000,0x000000b2bd200000] [id=16800]
  0x000002af7b8601f0 ConcurrentGCThread "G1 Main Marker" [stack: 0x000000b2bd200000,0x000000b2bd300000] [id=3296]
  0x000002af7b861b20 ConcurrentGCThread "G1 Conc#0" [stack: 0x000000b2bd300000,0x000000b2bd400000] [id=6116]

[error occurred during error reporting (printing all threads), id 0xc0000005, EXCEPTION_ACCESS_VIOLATION (0xc0000005) at pc=0x00007ffa469e7f07]

VM state: not at safepoint (not fully initialized)

VM Mutex/Monitor currently owned by a thread:  ([mutex/lock_event])
[0x000002af7b7f1200] Heap_lock - owner thread: 0x000002af7b7f4610

Heap address: 0x0000000081c00000, size: 2020 MB, Compressed Oops mode: 32-bit

CDS archive(s) mapped at: [0x0000000000000000-0x0000000000000000-0x0000000000000000), size 0, SharedBaseAddress: 0x0000000800000000, ArchiveRelocationMode: 0.
Narrow klass base: 0x0000000000000000, Narrow klass shift: 0, Narrow klass range: 0x0

GC Precious Log:
<Empty>

Heap:
 garbage-first heap   total 0K, used 0K [0x0000000081c00000, 0x0000000100000000)
  region size 1024K, 0 young (0K), 0 survivors (0K)

[error occurred during error reporting (printing heap information), id 0xc0000005, EXCEPTION_ACCESS_VIOLATION (0xc0000005) at pc=0x00007ffa46dcc759]

GC Heap History (0 events):
No events

Deoptimization events (0 events):
No events

Classes unloaded (0 events):
No events

Classes redefined (0 events):
No events

Internal exceptions (0 events):
No events

VM Operations (0 events):
No events

Events (1 events):
Event: 0.014 Loaded shared library C:\Program Files\Java\jdk-17\bin\java.dll


Dynamic libraries:
0x00007ff719150000 - 0x00007ff719160000 	C:\Program Files\Java\jdk-17\bin\javaw.exe
0x00007ffa77790000 - 0x00007ffa77988000 	C:\WINDOWS\SYSTEM32\ntdll.dll
0x00007ffa76380000 - 0x00007ffa7643d000 	C:\WINDOWS\System32\KERNEL32.DLL
0x00007ffa74fc0000 - 0x00007ffa752b6000 	C:\WINDOWS\System32\KERNELBASE.dll
0x00007ffa74ec0000 - 0x00007ffa74fc0000 	C:\WINDOWS\System32\ucrtbase.dll
0x00007ffa4eb90000 - 0x00007ffa4eba8000 	C:\Program Files\Java\jdk-17\bin\jli.dll
0x00007ffa77690000 - 0x00007ffa77743000 	C:\WINDOWS\System32\ADVAPI32.dll
0x00007ffa75f20000 - 0x00007ffa75fbe000 	C:\WINDOWS\System32\msvcrt.dll
0x00007ffa75e80000 - 0x00007ffa75f1f000 	C:\WINDOWS\System32\sechost.dll
0x00007ffa774c0000 - 0x00007ffa775e6000 	C:\WINDOWS\System32\RPCRT4.dll
0x00007ffa75370000 - 0x00007ffa75397000 	C:\WINDOWS\System32\bcrypt.dll
0x00007ffa761e0000 - 0x00007ffa7637e000 	C:\WINDOWS\System32\USER32.dll
0x00007ffa75590000 - 0x00007ffa755b2000 	C:\WINDOWS\System32\win32u.dll
0x00007ffa75fc0000 - 0x00007ffa75feb000 	C:\WINDOWS\System32\GDI32.dll
0x00007ffa75610000 - 0x00007ffa75727000 	C:\WINDOWS\System32\gdi32full.dll
0x00007ffa75730000 - 0x00007ffa757cd000 	C:\WINDOWS\System32\msvcp_win.dll
0x00007ffa47670000 - 0x00007ffa4768b000 	C:\Program Files\Java\jdk-17\bin\VCRUNTIME140.dll
0x00007ffa558f0000 - 0x00007ffa55b8a000 	C:\WINDOWS\WinSxS\amd64_microsoft.windows.common-controls_6595b64144ccf1df_6.0.19041.3636_none_60b6a03d71f818d5\COMCTL32.dll
0x00007ffa6cb80000 - 0x00007ffa6cb8a000 	C:\WINDOWS\SYSTEM32\VERSION.dll
0x00007ffa77650000 - 0x00007ffa77682000 	C:\WINDOWS\System32\IMM32.DLL
0x00007ffa4aff0000 - 0x00007ffa4affc000 	C:\Program Files\Java\jdk-17\bin\vcruntime140_1.dll
0x00007ffa462a0000 - 0x00007ffa4632e000 	C:\Program Files\Java\jdk-17\bin\msvcp140.dll
0x00007ffa46700000 - 0x00007ffa472d7000 	C:\Program Files\Java\jdk-17\bin\server\jvm.dll
0x00007ffa75950000 - 0x00007ffa75958000 	C:\WINDOWS\System32\PSAPI.DLL
0x00007ffa64f60000 - 0x00007ffa64f69000 	C:\WINDOWS\SYSTEM32\WSOCK32.dll
0x00007ffa75b80000 - 0x00007ffa75beb000 	C:\WINDOWS\System32\WS2_32.dll
0x00007ffa64550000 - 0x00007ffa64577000 	C:\WINDOWS\SYSTEM32\WINMM.dll
0x00007ffa73650000 - 0x00007ffa73662000 	C:\WINDOWS\SYSTEM32\kernel.appcore.dll
0x00007ffa65930000 - 0x00007ffa6593a000 	C:\Program Files\Java\jdk-17\bin\jimage.dll
0x00007ffa73380000 - 0x00007ffa73564000 	C:\WINDOWS\SYSTEM32\DBGHELP.DLL
0x00007ffa62ed0000 - 0x00007ffa62f04000 	C:\WINDOWS\SYSTEM32\dbgcore.DLL
0x00007ffa753a0000 - 0x00007ffa75422000 	C:\WINDOWS\System32\bcryptPrimitives.dll
0x00007ffa4e1b0000 - 0x00007ffa4e1d5000 	C:\Program Files\Java\jdk-17\bin\java.dll

dbghelp: loaded successfully - version: 4.0.5 - missing functions: none
symbol engine: initialized successfully - sym options: 0x614 - pdb path: .;C:\Program Files\Java\jdk-17\bin;C:\WINDOWS\SYSTEM32;C:\WINDOWS\WinSxS\amd64_microsoft.windows.common-controls_6595b64144ccf1df_6.0.19041.3636_none_60b6a03d71f818d5;C:\Program Files\Java\jdk-17\bin\server

VM Arguments:
jvm_args: -Dfile.encoding=UTF-8 -XX:+ShowCodeDetailsInExceptionMessages 
java_command: com.springboot.project.mywebapp.MywebappApplication
java_class_path (initial): C:\Users\Shatabdi\Downloads\mywebapp\target\classes;C:\Users\Shatabdi\.m2\repository\org\springframework\boot\spring-boot-starter-web\3.3.0-M1\spring-boot-starter-web-3.3.0-M1.jar;C:\Users\Shatabdi\.m2\repository\org\springframework\boot\spring-boot-starter\3.3.0-M1\spring-boot-starter-3.3.0-M1.jar;C:\Users\Shatabdi\.m2\repository\org\springframework\boot\spring-boot-starter-logging\3.3.0-M1\spring-boot-starter-logging-3.3.0-M1.jar;C:\Users\Shatabdi\.m2\repository\ch\qos\logback\logback-classic\1.4.14\logback-classic-1.4.14.jar;C:\Users\Shatabdi\.m2\repository\ch\qos\logback\logback-core\1.4.14\logback-core-1.4.14.jar;C:\Users\Shatabdi\.m2\repository\org\apache\logging\log4j\log4j-to-slf4j\2.22.1\log4j-to-slf4j-2.22.1.jar;C:\Users\Shatabdi\.m2\repository\org\apache\logging\log4j\log4j-api\2.22.1\log4j-api-2.22.1.jar;C:\Users\Shatabdi\.m2\repository\org\slf4j\jul-to-slf4j\2.0.11\jul-to-slf4j-2.0.11.jar;C:\Users\Shatabdi\.m2\repository\jakarta\annotation\jakarta.annotation-api\2.1.1\jakarta.annotation-api-2.1.1.jar;C:\Users\Shatabdi\.m2\repository\org\yaml\snakeyaml\2.2\snakeyaml-2.2.jar;C:\Users\Shatabdi\.m2\repository\org\springframework\boot\spring-boot-starter-json\3.3.0-M1\spring-boot-starter-json-3.3.0-M1.jar;C:\Users\Shatabdi\.m2\repository\com\fasterxml\jackson\core\jackson-databind\2.16.1\jackson-databind-2.16.1.jar;C:\Users\Shatabdi\.m2\repository\com\fasterxml\jackson\core\jackson-annotations\2.16.1\jackson-annotations-2.16.1.jar;C:\Users\Shatabdi\.m2\repository\com\fasterxml\jackson\core\jackson-core\2.16.1\jackson-core-2.16.1.jar;C:\Users\Shatabdi\.m2\repository\com\fasterxml\jackson\datatype\jackson-datatype-jdk8\2.16.1\jackson-datatype-jdk8-2.16.1.jar;C:\Users\Shatabdi\.m2\repository\com\fasterxml\jackson\datatype\jackson-datatype-jsr310\2.16.1\jackson-datatype-jsr310-2.16.1.jar;C:\Users\Shatabdi\.m2\repository\com\fasterxml\jackson\module\jackson-module-parameter-names\2.16.1\jackson-module-parameter-names-2.16.1.jar;C:\Use
Launcher Type: SUN_STANDARD

[Global flags]
     intx CICompilerCount                          = 3                                         {product} {ergonomic}
     uint ConcGCThreads                            = 1                                         {product} {ergonomic}
     uint G1ConcRefinementThreads                  = 4                                         {product} {ergonomic}
   size_t G1HeapRegionSize                         = 1048576                                   {product} {ergonomic}
    uintx GCDrainStackTargetSize                   = 64                                        {product} {ergonomic}
   size_t InitialHeapSize                          = 134217728                                 {product} {ergonomic}
   size_t MarkStackSize                            = 4194304                                   {product} {ergonomic}
   size_t MaxHeapSize                              = 2118123520                                {product} {ergonomic}
   size_t MinHeapDeltaBytes                        = 1048576                                   {product} {ergonomic}
   size_t MinHeapSize                              = 8388608                                   {product} {ergonomic}
    uintx NonNMethodCodeHeapSize                   = 5832780                                {pd product} {ergonomic}
    uintx NonProfiledCodeHeapSize                  = 122912730                              {pd product} {ergonomic}
    uintx ProfiledCodeHeapSize                     = 122912730                              {pd product} {ergonomic}
    uintx ReservedCodeCacheSize                    = 251658240                              {pd product} {ergonomic}
     bool SegmentedCodeCache                       = true                                      {product} {ergonomic}
     bool ShowCodeDetailsInExceptionMessages       = true                                   {manageable} {command line}
   size_t SoftMaxHeapSize                          = 2118123520                             {manageable} {ergonomic}
     bool UseCompressedClassPointers               = true                           {product lp64_product} {ergonomic}
     bool UseCompressedOops                        = true                           {product lp64_product} {ergonomic}
     bool UseG1GC                                  = true                                      {product} {ergonomic}
     bool UseLargePagesIndividualAllocation        = false                                  {pd product} {ergonomic}

Logging:
Log output configuration:
 #0: stdout all=warning uptime,level,tags
 #1: stderr all=off uptime,level,tags

Environment Variables:
JAVA_HOME=C:\Program Files\Java\jdk-17
CLASSPATH=E:\test\mypack.jar;.;
PATH=C:/Program Files/Java/jdk-17/bin/server;C:/Program Files/Java/jdk-17/bin;C:\Program Files\Common Files\Oracle\Java\javapath;C:\Python311\Scripts\;C:\Python311\;C:\Program Files\Java\jdk-17\bin;C:\Program Files\Intel\Intel(R) Management Engine Components\iCLS\;C:\WINDOWS\system32;C:\WINDOWS;C:\WINDOWS\System32\Wbem;C:\WINDOWS\System32\WindowsPowerShell\v1.0\;C:\Program Files (x86)\Intel\Intel(R) Management Engine Components\DAL;C:\Program Files\Intel\Intel(R) Management Engine Components\DAL;C:\Program Files (x86)\Intel\Intel(R) Management Engine Components\IPT;C:\Program Files\Intel\Intel(R) Management Engine Components\IPT;C:\WINDOWS\System32\OpenSSH\;C:\Program Files\nodejs\;C:\ProgramData\chocolatey\bin;C:\Program Files\apache-maven-3.8.7\bin;C:\Program Files\Git\cmd;C:\Users\Shatabdi\AppData\Local\Android\cmdline-tools\tools;C:\Users\Shatabdi\AppData\Local\Android\cmdline-tools\tools\bin;C:\Users\Shatabdi\AppData\Local\Android\platform-tools;C:\Program Files\TortoiseGit\bin;C:\HashiCorp\Vagrant\bin;C:\Program Files\MongoDB\Server\6.0\bin;C:\mongosh\bin;;C:\Program Files\Docker\Docker\resources\bin;C:\Program Files\MySQL\MySQL Shell 8.0\bin\;C:\Users\Shatabdi\AppData\Local\Programs\Python\Python39\Scripts\;C:\Users\Shatabdi\AppData\Local\Programs\Python\Python39\;C:\Users\Shatabdi\AppData\Local\Microsoft\WindowsApps;C:\Program Files\Java\jdk-17\bin;C:\Users\Shatabdi\AppData\Roaming\npm;C:\Users\Shatabdi\AppData\Local\Programs\Microsoft VS Code\bin;C:\Users\Shatabdi\AppData\Local\GitHubDesktop\bin;C:\WINDOWS\system32;
USERNAME=Shatabdi
OS=Windows_NT
PROCESSOR_IDENTIFIER=Intel64 Family 6 Model 142 Stepping 9, GenuineIntel



---------------  S Y S T E M  ---------------

OS:
 Windows 10 , 64 bit Build 19041 (10.0.19041.3636)
OS uptime: 0 days 0:38 hours
Hyper-V role detected

CPU: total 4 (initial active 4) (2 cores per cpu, 2 threads per core) family 6 model 142 stepping 9 microcode 0xb4, cx8, cmov, fxsr, ht, mmx, 3dnowpref, sse, sse2, sse3, ssse3, sse4.1, sse4.2, popcnt, lzcnt, tsc, tscinvbit, avx, avx2, aes, erms, clmul, bmi1, bmi2, adx, fma, vzeroupper, clflush, clflushopt, hv

Memory: 4k page, system-wide physical 8074M (641M free)
TotalPageFile size 10122M (AvailPageFile size 78M)
current process WorkingSet (physical memory assigned to process): 10M, peak: 10M
current process commit charge ("private bytes"): 51M, peak: 179M

vm_info: Java HotSpot(TM) 64-Bit Server VM (17.0.6+9-LTS-190) for windows-amd64 JRE (17.0.6+9-LTS-190), built on Dec  6 2022 15:53:54 by "mach5one" with MS VC++ 17.1 (VS2022)

END.
